# JRE version: OpenJDK Runtime Environment (8.0_151-b12) (build 1.8.0_151-8u151-b12-0ubuntu0.16.04.2-b12)
# Java VM: OpenJDK 64-Bit Server VM (25.151-b12 mixed mode linux-amd64 compressed oops)
Heap:
 PSYoungGen      total 25088K, used 1640K [0x00000000eab00000, 0x00000000ec600000, 0x0000000100000000)
  eden space 22528K, 7% used [0x00000000eab00000,0x00000000eac923a0,0x00000000ec100000)
  from space 2560K, 1% used [0x00000000ec100000,0x00000000ec108000,0x00000000ec380000)
  to   space 2560K, 0% used [0x00000000ec380000,0x00000000ec380000,0x00000000ec600000)
 ParOldGen       total 75264K, used 2246K [0x00000000c0000000, 0x00000000c4980000, 0x00000000eab00000)
  object space 75264K, 2% used [0x00000000c0000000,0x00000000c0231990,0x00000000c4980000)
 Metaspace       used 7478K, capacity 7654K, committed 7936K, reserved 1056768K
  class space    used 841K, capacity 931K, committed 1024K, reserved 1048576K
GC Heap History (10 events):
Event: 150.045 GC heap before
{Heap before GC invocations=21 (full 0):
 PSYoungGen      total 25600K, used 22624K [0x00000000eab00000, 0x00000000ec700000, 0x0000000100000000)
  eden space 22528K, 100% used [0x00000000eab00000,0x00000000ec100000,0x00000000ec100000)
  from space 3072K, 3% used [0x00000000ec400000,0x00000000ec418000,0x00000000ec700000)
  to   space 3072K, 0% used [0x00000000ec100000,0x00000000ec100000,0x00000000ec400000)
 ParOldGen       total 75264K, used 2246K [0x00000000c0000000, 0x00000000c4980000, 0x00000000eab00000)
  object space 75264K, 2% used [0x00000000c0000000,0x00000000c0231990,0x00000000c4980000)
 Metaspace       used 7478K, capacity 7654K, committed 7936K, reserved 1056768K
  class space    used 841K, capacity 931K, committed 1024K, reserved 1048576K
Event: 150.047 GC heap after
Heap after GC invocations=21 (full 0):
 PSYoungGen      total 23040K, used 128K [0x00000000eab00000, 0x00000000ec600000, 0x0000000100000000)
  eden space 22528K, 0% used [0x00000000eab00000,0x00000000eab00000,0x00000000ec100000)
  from space 512K, 25% used [0x00000000ec100000,0x00000000ec120000,0x00000000ec180000)
  to   space 2560K, 0% used [0x00000000ec380000,0x00000000ec380000,0x00000000ec600000)
 ParOldGen       total 75264K, used 2246K [0x00000000c0000000, 0x00000000c4980000, 0x00000000eab00000)
  object space 75264K, 2% used [0x00000000c0000000,0x00000000c0231990,0x00000000c4980000)
 Metaspace       used 7478K, capacity 7654K, committed 7936K, reserved 1056768K
  class space    used 841K, capacity 931K, committed 1024K, reserved 1048576K
}
Event: 150.468 GC heap before
{Heap before GC invocations=22 (full 0):
 PSYoungGen      total 23040K, used 22656K [0x00000000eab00000, 0x00000000ec600000, 0x0000000100000000)
  eden space 22528K, 100% used [0x00000000eab00000,0x00000000ec100000,0x00000000ec100000)
  from space 512K, 25% used [0x00000000ec100000,0x00000000ec120000,0x00000000ec180000)
  to   space 2560K, 0% used [0x00000000ec380000,0x00000000ec380000,0x00000000ec600000)
 ParOldGen       total 75264K, used 2246K [0x00000000c0000000, 0x00000000c4980000, 0x00000000eab00000)
  object space 75264K, 2% used [0x00000000c0000000,0x00000000c0231990,0x00000000c4980000)
 Metaspace       used 7478K, capacity 7654K, committed 7936K, reserved 1056768K
  class space    used 841K, capacity 931K, committed 1024K, reserved 1048576K
Event: 150.470 GC heap after
Heap after GC invocations=22 (full 0):
 PSYoungGen      total 25088K, used 32K [0x00000000eab00000, 0x00000000ec600000, 0x0000000100000000)
  eden space 22528K, 0% used [0x00000000eab00000,0x00000000eab00000,0x00000000ec100000)
  from space 2560K, 1% used [0x00000000ec380000,0x00000000ec388000,0x00000000ec600000)
  to   space 2560K, 0% used [0x00000000ec100000,0x00000000ec100000,0x00000000ec380000)
 ParOldGen       total 75264K, used 2246K [0x00000000c0000000, 0x00000000c4980000, 0x00000000eab00000)
  object space 75264K, 2% used [0x00000000c0000000,0x00000000c0231990,0x00000000c4980000)
 Metaspace       used 7478K, capacity 7654K, committed 7936K, reserved 1056768K
  class space    used 841K, capacity 931K, committed 1024K, reserved 1048576K
}
Event: 151.015 GC heap before
{Heap before GC invocations=23 (full 0):
 PSYoungGen      total 25088K, used 22560K [0x00000000eab00000, 0x00000000ec600000, 0x0000000100000000)
  eden space 22528K, 100% used [0x00000000eab00000,0x00000000ec100000,0x00000000ec100000)
  from space 2560K, 1% used [0x00000000ec380000,0x00000000ec388000,0x00000000ec600000)
  to   space 2560K, 0% used [0x00000000ec100000,0x00000000ec100000,0x00000000ec380000)
 ParOldGen       total 75264K, used 2246K [0x00000000c0000000, 0x00000000c4980000, 0x00000000eab00000)
  object space 75264K, 2% used [0x00000000c0000000,0x00000000c0231990,0x00000000c4980000)
 Metaspace       used 7478K, capacity 7654K, committed 7936K, reserved 1056768K
  class space    used 841K, capacity 931K, committed 1024K, reserved 1048576K
Event: 151.016 GC heap after
Heap after GC invocations=23 (full 0):
 PSYoungGen      total 25088K, used 64K [0x00000000eab00000, 0x00000000ec600000, 0x0000000100000000)
  eden space 22528K, 0% used [0x00000000eab00000,0x00000000eab00000,0x00000000ec100000)
  from space 2560K, 2% used [0x00000000ec100000,0x00000000ec110000,0x00000000ec380000)
  to   space 2560K, 0% used [0x00000000ec380000,0x00000000ec380000,0x00000000ec600000)
 ParOldGen       total 75264K, used 2246K [0x00000000c0000000, 0x00000000c4980000, 0x00000000eab00000)
  object space 75264K, 2% used [0x00000000c0000000,0x00000000c0231990,0x00000000c4980000)
 Metaspace       used 7478K, capacity 7654K, committed 7936K, reserved 1056768K
  class space    used 841K, capacity 931K, committed 1024K, reserved 1048576K
}
Event: 151.625 GC heap before
{Heap before GC invocations=24 (full 0):
 PSYoungGen      total 25088K, used 22592K [0x00000000eab00000, 0x00000000ec600000, 0x0000000100000000)
  eden space 22528K, 100% used [0x00000000eab00000,0x00000000ec100000,0x00000000ec100000)
  from space 2560K, 2% used [0x00000000ec100000,0x00000000ec110000,0x00000000ec380000)
  to   space 2560K, 0% used [0x00000000ec380000,0x00000000ec380000,0x00000000ec600000)
 ParOldGen       total 75264K, used 2246K [0x00000000c0000000, 0x00000000c4980000, 0x00000000eab00000)
  object space 75264K, 2% used [0x00000000c0000000,0x00000000c0231990,0x00000000c4980000)
 Metaspace       used 7478K, capacity 7654K, committed 7936K, reserved 1056768K
  class space    used 841K, capacity 931K, committed 1024K, reserved 1048576K
Event: 151.628 GC heap after
Heap after GC invocations=24 (full 0):
 PSYoungGen      total 25088K, used 32K [0x00000000eab00000, 0x00000000ec600000, 0x0000000100000000)
  eden space 22528K, 0% used [0x00000000eab00000,0x00000000eab00000,0x00000000ec100000)
  from space 2560K, 1% used [0x00000000ec380000,0x00000000ec388000,0x00000000ec600000)
  to   space 2560K, 0% used [0x00000000ec100000,0x00000000ec100000,0x00000000ec380000)
 ParOldGen       total 75264K, used 2246K [0x00000000c0000000, 0x00000000c4980000, 0x00000000eab00000)
  object space 75264K, 2% used [0x00000000c0000000,0x00000000c0231990,0x00000000c4980000)
 Metaspace       used 7478K, capacity 7654K, committed 7936K, reserved 1056768K
  class space    used 841K, capacity 931K, committed 1024K, reserved 1048576K
}
Event: 152.054 GC heap before
{Heap before GC invocations=25 (full 0):
 PSYoungGen      total 25088K, used 22560K [0x00000000eab00000, 0x00000000ec600000, 0x0000000100000000)
  eden space 22528K, 100% used [0x00000000eab00000,0x00000000ec100000,0x00000000ec100000)
  from space 2560K, 1% used [0x00000000ec380000,0x00000000ec388000,0x00000000ec600000)
  to   space 2560K, 0% used [0x00000000ec100000,0x00000000ec100000,0x00000000ec380000)
 ParOldGen       total 75264K, used 2246K [0x00000000c0000000, 0x00000000c4980000, 0x00000000eab00000)
  object space 75264K, 2% used [0x00000000c0000000,0x00000000c0231990,0x00000000c4980000)
 Metaspace       used 7478K, capacity 7654K, committed 7936K, reserved 1056768K
  class space    used 841K, capacity 931K, committed 1024K, reserved 1048576K
Event: 152.056 GC heap after
Heap after GC invocations=25 (full 0):
 PSYoungGen      total 25088K, used 32K [0x00000000eab00000, 0x00000000ec600000, 0x0000000100000000)
  eden space 22528K, 0% used [0x00000000eab00000,0x00000000eab00000,0x00000000ec100000)
  from space 2560K, 1% used [0x00000000ec100000,0x00000000ec108000,0x00000000ec380000)
  to   space 2560K, 0% used [0x00000000ec380000,0x00000000ec380000,0x00000000ec600000)
 ParOldGen       total 75264K, used 2246K [0x00000000c0000000, 0x00000000c4980000, 0x00000000eab00000)
  object space 75264K, 2% used [0x00000000c0000000,0x00000000c0231990,0x00000000c4980000)
 Metaspace       used 7478K, capacity 7654K, committed 7936K, reserved 1056768K
  class space    used 841K, capacity 931K, committed 1024K, reserved 1048576K
}

