# JRE version: OpenJDK Runtime Environment (8.0_151-b12) (build 1.8.0_151-8u151-b12-0ubuntu0.16.04.2-b12)
# Java VM: OpenJDK 64-Bit Server VM (25.151-b12 mixed mode linux-amd64 compressed oops)
Heap:
 PSYoungGen      total 23040K, used 5815K [0x00000000eab00000, 0x00000000ec280000, 0x0000000100000000)
  eden space 22528K, 25% used [0x00000000eab00000,0x00000000eb09dfa0,0x00000000ec100000)
  from space 512K, 12% used [0x00000000ec200000,0x00000000ec210000,0x00000000ec280000)
  to   space 512K, 0% used [0x00000000ec180000,0x00000000ec180000,0x00000000ec200000)
 ParOldGen       total 75264K, used 2516K [0x00000000c0000000, 0x00000000c4980000, 0x00000000eab00000)
  object space 75264K, 3% used [0x00000000c0000000,0x00000000c02753c8,0x00000000c4980000)
 Metaspace       used 6929K, capacity 7028K, committed 7296K, reserved 1056768K
  class space    used 792K, capacity 828K, committed 896K, reserved 1048576K
GC Heap History (10 events):
Event: 1098.129 GC heap before
{Heap before GC invocations=370 (full 0):
 PSYoungGen      total 23040K, used 22592K [0x00000000eab00000, 0x00000000ec280000, 0x0000000100000000)
  eden space 22528K, 100% used [0x00000000eab00000,0x00000000ec100000,0x00000000ec100000)
  from space 512K, 12% used [0x00000000ec180000,0x00000000ec190000,0x00000000ec200000)
  to   space 512K, 0% used [0x00000000ec200000,0x00000000ec200000,0x00000000ec280000)
 ParOldGen       total 75264K, used 2500K [0x00000000c0000000, 0x00000000c4980000, 0x00000000eab00000)
  object space 75264K, 3% used [0x00000000c0000000,0x00000000c02713c8,0x00000000c4980000)
 Metaspace       used 6929K, capacity 7028K, committed 7296K, reserved 1056768K
  class space    used 792K, capacity 828K, committed 896K, reserved 1048576K
Event: 1098.131 GC heap after
Heap after GC invocations=370 (full 0):
 PSYoungGen      total 23040K, used 96K [0x00000000eab00000, 0x00000000ec280000, 0x0000000100000000)
  eden space 22528K, 0% used [0x00000000eab00000,0x00000000eab00000,0x00000000ec100000)
  from space 512K, 18% used [0x00000000ec200000,0x00000000ec218000,0x00000000ec280000)
  to   space 512K, 0% used [0x00000000ec180000,0x00000000ec180000,0x00000000ec200000)
 ParOldGen       total 75264K, used 2516K [0x00000000c0000000, 0x00000000c4980000, 0x00000000eab00000)
  object space 75264K, 3% used [0x00000000c0000000,0x00000000c02753c8,0x00000000c4980000)
 Metaspace       used 6929K, capacity 7028K, committed 7296K, reserved 1056768K
  class space    used 792K, capacity 828K, committed 896K, reserved 1048576K
}
Event: 1098.571 GC heap before
{Heap before GC invocations=371 (full 0):
 PSYoungGen      total 23040K, used 22624K [0x00000000eab00000, 0x00000000ec280000, 0x0000000100000000)
  eden space 22528K, 100% used [0x00000000eab00000,0x00000000ec100000,0x00000000ec100000)
  from space 512K, 18% used [0x00000000ec200000,0x00000000ec218000,0x00000000ec280000)
  to   space 512K, 0% used [0x00000000ec180000,0x00000000ec180000,0x00000000ec200000)
 ParOldGen       total 75264K, used 2516K [0x00000000c0000000, 0x00000000c4980000, 0x00000000eab00000)
  object space 75264K, 3% used [0x00000000c0000000,0x00000000c02753c8,0x00000000c4980000)
 Metaspace       used 6929K, capacity 7028K, committed 7296K, reserved 1056768K
  class space    used 792K, capacity 828K, committed 896K, reserved 1048576K
Event: 1098.573 GC heap after
Heap after GC invocations=371 (full 0):
 PSYoungGen      total 23040K, used 32K [0x00000000eab00000, 0x00000000ec280000, 0x0000000100000000)
  eden space 22528K, 0% used [0x00000000eab00000,0x00000000eab00000,0x00000000ec100000)
  from space 512K, 6% used [0x00000000ec180000,0x00000000ec188000,0x00000000ec200000)
  to   space 512K, 0% used [0x00000000ec200000,0x00000000ec200000,0x00000000ec280000)
 ParOldGen       total 75264K, used 2516K [0x00000000c0000000, 0x00000000c4980000, 0x00000000eab00000)
  object space 75264K, 3% used [0x00000000c0000000,0x00000000c02753c8,0x00000000c4980000)
 Metaspace       used 6929K, capacity 7028K, committed 7296K, reserved 1056768K
  class space    used 792K, capacity 828K, committed 896K, reserved 1048576K
}
Event: 1098.972 GC heap before
{Heap before GC invocations=372 (full 0):
 PSYoungGen      total 23040K, used 22553K [0x00000000eab00000, 0x00000000ec280000, 0x0000000100000000)
  eden space 22528K, 99% used [0x00000000eab00000,0x00000000ec0fe468,0x00000000ec100000)
  from space 512K, 6% used [0x00000000ec180000,0x00000000ec188000,0x00000000ec200000)
  to   space 512K, 0% used [0x00000000ec200000,0x00000000ec200000,0x00000000ec280000)
 ParOldGen       total 75264K, used 2516K [0x00000000c0000000, 0x00000000c4980000, 0x00000000eab00000)
  object space 75264K, 3% used [0x00000000c0000000,0x00000000c02753c8,0x00000000c4980000)
 Metaspace       used 6929K, capacity 7028K, committed 7296K, reserved 1056768K
  class space    used 792K, capacity 828K, committed 896K, reserved 1048576K
Event: 1098.973 GC heap after
Heap after GC invocations=372 (full 0):
 PSYoungGen      total 23040K, used 128K [0x00000000eab00000, 0x00000000ec280000, 0x0000000100000000)
  eden space 22528K, 0% used [0x00000000eab00000,0x00000000eab00000,0x00000000ec100000)
  from space 512K, 25% used [0x00000000ec200000,0x00000000ec220000,0x00000000ec280000)
  to   space 512K, 0% used [0x00000000ec180000,0x00000000ec180000,0x00000000ec200000)
 ParOldGen       total 75264K, used 2516K [0x00000000c0000000, 0x00000000c4980000, 0x00000000eab00000)
  object space 75264K, 3% used [0x00000000c0000000,0x00000000c02753c8,0x00000000c4980000)
 Metaspace       used 6929K, capacity 7028K, committed 7296K, reserved 1056768K
  class space    used 792K, capacity 828K, committed 896K, reserved 1048576K
}
Event: 1099.437 GC heap before
{Heap before GC invocations=373 (full 0):
 PSYoungGen      total 23040K, used 22655K [0x00000000eab00000, 0x00000000ec280000, 0x0000000100000000)
  eden space 22528K, 99% used [0x00000000eab00000,0x00000000ec0ffe20,0x00000000ec100000)
  from space 512K, 25% used [0x00000000ec200000,0x00000000ec220000,0x00000000ec280000)
  to   space 512K, 0% used [0x00000000ec180000,0x00000000ec180000,0x00000000ec200000)
 ParOldGen       total 75264K, used 2516K [0x00000000c0000000, 0x00000000c4980000, 0x00000000eab00000)
  object space 75264K, 3% used [0x00000000c0000000,0x00000000c02753c8,0x00000000c4980000)
 Metaspace       used 6929K, capacity 7028K, committed 7296K, reserved 1056768K
  class space    used 792K, capacity 828K, committed 896K, reserved 1048576K
Event: 1099.438 GC heap after
Heap after GC invocations=373 (full 0):
 PSYoungGen      total 23040K, used 32K [0x00000000eab00000, 0x00000000ec280000, 0x0000000100000000)
  eden space 22528K, 0% used [0x00000000eab00000,0x00000000eab00000,0x00000000ec100000)
  from space 512K, 6% used [0x00000000ec180000,0x00000000ec188000,0x00000000ec200000)
  to   space 512K, 0% used [0x00000000ec200000,0x00000000ec200000,0x00000000ec280000)
 ParOldGen       total 75264K, used 2516K [0x00000000c0000000, 0x00000000c4980000, 0x00000000eab00000)
  object space 75264K, 3% used [0x00000000c0000000,0x00000000c02753c8,0x00000000c4980000)
 Metaspace       used 6929K, capacity 7028K, committed 7296K, reserved 1056768K
  class space    used 792K, capacity 828K, committed 896K, reserved 1048576K
}
Event: 1099.957 GC heap before
{Heap before GC invocations=374 (full 0):
 PSYoungGen      total 23040K, used 22560K [0x00000000eab00000, 0x00000000ec280000, 0x0000000100000000)
  eden space 22528K, 100% used [0x00000000eab00000,0x00000000ec100000,0x00000000ec100000)
  from space 512K, 6% used [0x00000000ec180000,0x00000000ec188000,0x00000000ec200000)
  to   space 512K, 0% used [0x00000000ec200000,0x00000000ec200000,0x00000000ec280000)
 ParOldGen       total 75264K, used 2516K [0x00000000c0000000, 0x00000000c4980000, 0x00000000eab00000)
  object space 75264K, 3% used [0x00000000c0000000,0x00000000c02753c8,0x00000000c4980000)
 Metaspace       used 6929K, capacity 7028K, committed 7296K, reserved 1056768K
  class space    used 792K, capacity 828K, committed 896K, reserved 1048576K
Event: 1099.958 GC heap after
Heap after GC invocations=374 (full 0):
 PSYoungGen      total 23040K, used 64K [0x00000000eab00000, 0x00000000ec280000, 0x0000000100000000)
  eden space 22528K, 0% used [0x00000000eab00000,0x00000000eab00000,0x00000000ec100000)
  from space 512K, 12% used [0x00000000ec200000,0x00000000ec210000,0x00000000ec280000)
  to   space 512K, 0% used [0x00000000ec180000,0x00000000ec180000,0x00000000ec200000)
 ParOldGen       total 75264K, used 2516K [0x00000000c0000000, 0x00000000c4980000, 0x00000000eab00000)
  object space 75264K, 3% used [0x00000000c0000000,0x00000000c02753c8,0x00000000c4980000)
 Metaspace       used 6929K, capacity 7028K, committed 7296K, reserved 1056768K
  class space    used 792K, capacity 828K, committed 896K, reserved 1048576K
}

